Flow report for DE10_Standard_GHRD
Fri Jul 28 12:38:26 2023
Quartus Prime Version 18.1.0 Build 625 09/12/2018 SJ Lite Edition


---------------------
; Table of Contents ;
---------------------
  1. Legal Notice
  2. Flow Summary
  3. Flow Settings
  4. Flow Non-Default Global Settings
  5. Flow Elapsed Time
  6. Flow OS Summary
  7. Flow Log
  8. Flow Messages
  9. Flow Suppressed Messages



----------------
; Legal Notice ;
----------------
Copyright (C) 2018  Intel Corporation. All rights reserved.
Your use of Intel Corporation's design tools, logic functions 
and other software and tools, and its AMPP partner logic 
functions, and any output files from any of the foregoing 
(including device programming or simulation files), and any 
associated documentation or information are expressly subject 
to the terms and conditions of the Intel Program License 
Subscription Agreement, the Intel Quartus Prime License Agreement,
the Intel FPGA IP License Agreement, or other applicable license
agreement, including, without limitation, that your use is for
the sole purpose of programming logic devices manufactured by
Intel and sold by Intel or its authorized distributors.  Please
refer to the applicable agreement for further details.



+-------------------------------------------------------------------------------+
; Flow Summary                                                                  ;
+---------------------------------+---------------------------------------------+
; Flow Status                     ; Successful - Fri Jul 28 12:36:55 2023       ;
; Quartus Prime Version           ; 18.1.0 Build 625 09/12/2018 SJ Lite Edition ;
; Revision Name                   ; DE10_Standard_GHRD                          ;
; Top-level Entity Name           ; DE10_Standard_GHRD                          ;
; Family                          ; Cyclone V                                   ;
; Device                          ; 5CSXFC6D6F31C6                              ;
; Timing Models                   ; Final                                       ;
; Logic utilization (in ALMs)     ; 6,677 / 41,910 ( 16 % )                     ;
; Total registers                 ; 8334                                        ;
; Total pins                      ; 353 / 499 ( 71 % )                          ;
; Total virtual pins              ; 0                                           ;
; Total block memory bits         ; 9,280 / 5,662,720 ( < 1 % )                 ;
; Total DSP Blocks                ; 0 / 112 ( 0 % )                             ;
; Total HSSI RX PCSs              ; 0 / 9 ( 0 % )                               ;
; Total HSSI PMA RX Deserializers ; 0 / 9 ( 0 % )                               ;
; Total HSSI TX PCSs              ; 0 / 9 ( 0 % )                               ;
; Total HSSI PMA TX Serializers   ; 0 / 9 ( 0 % )                               ;
; Total PLLs                      ; 2 / 15 ( 13 % )                             ;
; Total DLLs                      ; 1 / 4 ( 25 % )                              ;
+---------------------------------+---------------------------------------------+


+-----------------------------------------+
; Flow Settings                           ;
+-------------------+---------------------+
; Option            ; Setting             ;
+-------------------+---------------------+
; Start date & time ; 07/28/2023 12:24:37 ;
; Main task         ; Compilation         ;
; Revision Name     ; DE10_Standard_GHRD  ;
+-------------------+---------------------+


+--------------------------------------------------------------------------------------------------------------------------------------------------------------------------------------------------+
; Flow Non-Default Global Settings                                                                                                                                                                 ;
+---------------------------------------+--------------------------------------------------------------------------------------+---------------+--------------------------------+------------------+
; Assignment Name                       ; Value                                                                                ; Default Value ; Entity Name                    ; Section Id       ;
+---------------------------------------+--------------------------------------------------------------------------------------+---------------+--------------------------------+------------------+
; COMPILER_SIGNATURE_ID                 ; 10995770589235.169052187014972                                                       ; --            ; --                             ; --               ;
; ECO_REGENERATE_REPORT                 ; On                                                                                   ; Off           ; --                             ; --               ;
; ENABLE_SIGNALTAP                      ; On                                                                                   ; --            ; --                             ; --               ;
; HPS_ISW_FILE                          ; soc_system/synthesis/submodules/sequencer/alt_types.pre.h                            ; --            ; soc_system_hps_0_hps_io_border ; --               ;
; HPS_ISW_FILE                          ; soc_system/synthesis/submodules/sequencer/emif.pre.xml                               ; --            ; soc_system_hps_0_hps_io_border ; --               ;
; HPS_ISW_FILE                          ; soc_system/synthesis/submodules/sequencer/sdram_io.pre.h                             ; --            ; soc_system_hps_0_hps_io_border ; --               ;
; HPS_ISW_FILE                          ; soc_system/synthesis/submodules/sequencer/sequencer.pre.c                            ; --            ; soc_system_hps_0_hps_io_border ; --               ;
; HPS_ISW_FILE                          ; soc_system/synthesis/submodules/sequencer/sequencer.pre.h                            ; --            ; soc_system_hps_0_hps_io_border ; --               ;
; HPS_ISW_FILE                          ; soc_system/synthesis/submodules/sequencer/sequencer_auto.pre.h                       ; --            ; soc_system_hps_0_hps_io_border ; --               ;
; HPS_ISW_FILE                          ; soc_system/synthesis/submodules/sequencer/sequencer_auto_ac_init.pre.c               ; --            ; soc_system_hps_0_hps_io_border ; --               ;
; HPS_ISW_FILE                          ; soc_system/synthesis/submodules/sequencer/sequencer_auto_inst_init.pre.c             ; --            ; soc_system_hps_0_hps_io_border ; --               ;
; HPS_ISW_FILE                          ; soc_system/synthesis/submodules/sequencer/sequencer_defines.pre.h                    ; --            ; soc_system_hps_0_hps_io_border ; --               ;
; HPS_ISW_FILE                          ; soc_system/synthesis/submodules/sequencer/system.pre.h                               ; --            ; soc_system_hps_0_hps_io_border ; --               ;
; HPS_ISW_FILE                          ; soc_system/synthesis/submodules/sequencer/tclrpt.pre.c                               ; --            ; soc_system_hps_0_hps_io_border ; --               ;
; HPS_ISW_FILE                          ; soc_system/synthesis/submodules/sequencer/tclrpt.pre.h                               ; --            ; soc_system_hps_0_hps_io_border ; --               ;
; HPS_ISW_FILE                          ; soc_system/synthesis/submodules/hps.pre.xml                                          ; --            ; soc_system_hps_0_hps_io_border ; --               ;
; HPS_PARTITION                         ; On                                                                                   ; --            ; soc_system_hps_0_hps_io_border ; --               ;
; MAX_CORE_JUNCTION_TEMP                ; 85                                                                                   ; --            ; --                             ; --               ;
; MIN_CORE_JUNCTION_TEMP                ; 0                                                                                    ; --            ; --                             ; --               ;
; MISC_FILE                             ; ip/altsource_probe/hps_reset_bb.v                                                    ; --            ; --                             ; --               ;
; MISC_FILE                             ; soc_system/synthesis/../soc_system.cmp                                               ; --            ; --                             ; --               ;
; MISC_FILE                             ; soc_system/synthesis/../../D                                                         ; --            ; --                             ; --               ;
; MISC_FILE                             ; soc_system/synthesis/soc_system_hps_0_hps.svd                                        ; --            ; --                             ; --               ;
; MISC_FILE                             ; soc_system/synthesis/../../soc_system.qsys                                           ; --            ; --                             ; --               ;
; MISC_FILE                             ; soc_system/synthesis/submodules/sequencer/alt_types.pre.h                            ; --            ; --                             ; --               ;
; MISC_FILE                             ; soc_system/synthesis/submodules/sequencer/emif.pre.xml                               ; --            ; --                             ; --               ;
; MISC_FILE                             ; soc_system/synthesis/submodules/sequencer/sdram_io.pre.h                             ; --            ; --                             ; --               ;
; MISC_FILE                             ; soc_system/synthesis/submodules/sequencer/sequencer.pre.c                            ; --            ; --                             ; --               ;
; MISC_FILE                             ; soc_system/synthesis/submodules/sequencer/sequencer.pre.h                            ; --            ; --                             ; --               ;
; MISC_FILE                             ; soc_system/synthesis/submodules/sequencer/sequencer_auto.pre.h                       ; --            ; --                             ; --               ;
; MISC_FILE                             ; soc_system/synthesis/submodules/sequencer/sequencer_auto_ac_init.pre.c               ; --            ; --                             ; --               ;
; MISC_FILE                             ; soc_system/synthesis/submodules/sequencer/sequencer_auto_inst_init.pre.c             ; --            ; --                             ; --               ;
; MISC_FILE                             ; soc_system/synthesis/submodules/sequencer/sequencer_defines.pre.h                    ; --            ; --                             ; --               ;
; MISC_FILE                             ; soc_system/synthesis/submodules/sequencer/system.pre.h                               ; --            ; --                             ; --               ;
; MISC_FILE                             ; soc_system/synthesis/submodules/sequencer/tclrpt.pre.c                               ; --            ; --                             ; --               ;
; MISC_FILE                             ; soc_system/synthesis/submodules/sequencer/tclrpt.pre.h                               ; --            ; --                             ; --               ;
; MISC_FILE                             ; soc_system/synthesis/submodules/hps.pre.xml                                          ; --            ; --                             ; --               ;
; MISC_FILE                             ; IO_BUF_bb.v                                                                          ; --            ; --                             ; --               ;
; MISC_FILE                             ; PLL.cmp                                                                              ; --            ; --                             ; --               ;
; MISC_FILE                             ; PLL_sim/PLL.vo                                                                       ; --            ; --                             ; --               ;
; MISC_FILE                             ; SSP_UART_PLL.cmp                                                                     ; --            ; --                             ; --               ;
; MISC_FILE                             ; SSP_UART_PLL_sim/SSP_UART_PLL.vo                                                     ; --            ; --                             ; --               ;
; MISC_FILE                             ; SPI_PLL.cmp                                                                          ; --            ; --                             ; --               ;
; MISC_FILE                             ; SPI_PLL_sim/SPI_PLL.vo                                                               ; --            ; --                             ; --               ;
; PARTITION_COLOR                       ; -- (Not supported for targeted family)                                               ; --            ; --                             ; Top              ;
; PARTITION_FITTER_PRESERVATION_LEVEL   ; -- (Not supported for targeted family)                                               ; --            ; --                             ; Top              ;
; PARTITION_NETLIST_TYPE                ; -- (Not supported for targeted family)                                               ; --            ; --                             ; Top              ;
; POWER_BOARD_THERMAL_MODEL             ; None (CONSERVATIVE)                                                                  ; --            ; --                             ; --               ;
; POWER_PRESET_COOLING_SOLUTION         ; 23 MM HEAT SINK WITH 200 LFPM AIRFLOW                                                ; --            ; --                             ; --               ;
; PROJECT_OUTPUT_DIRECTORY              ; output_files                                                                         ; --            ; --                             ; --               ;
; SLD_FILE                              ; soc_system/synthesis/soc_system.regmap                                               ; --            ; --                             ; --               ;
; SLD_FILE                              ; soc_system/synthesis/soc_system.debuginfo                                            ; --            ; --                             ; --               ;
; SLD_FILE                              ; db/I2C_auto_stripped.stp                                                             ; --            ; --                             ; --               ;
; SLD_INFO                              ; QSYS_NAME soc_system HAS_SOPCINFO 1 GENERATION_ID 1690521567                         ; --            ; soc_system                     ; --               ;
; SLD_NODE_CREATOR_ID                   ; 110                                                                                  ; --            ; --                             ; auto_signaltap_0 ;
; SLD_NODE_ENTITY_NAME                  ; sld_signaltap                                                                        ; --            ; --                             ; auto_signaltap_0 ;
; SLD_NODE_PARAMETER_ASSIGNMENT         ; SLD_RAM_BLOCK_TYPE=AUTO                                                              ; --            ; --                             ; auto_signaltap_0 ;
; SLD_NODE_PARAMETER_ASSIGNMENT         ; SLD_NODE_INFO=805334528                                                              ; --            ; --                             ; auto_signaltap_0 ;
; SLD_NODE_PARAMETER_ASSIGNMENT         ; SLD_POWER_UP_TRIGGER=0                                                               ; --            ; --                             ; auto_signaltap_0 ;
; SLD_NODE_PARAMETER_ASSIGNMENT         ; SLD_STORAGE_QUALIFIER_INVERSION_MASK_LENGTH=0                                        ; --            ; --                             ; auto_signaltap_0 ;
; SLD_NODE_PARAMETER_ASSIGNMENT         ; SLD_SEGMENT_SIZE=128                                                                 ; --            ; --                             ; auto_signaltap_0 ;
; SLD_NODE_PARAMETER_ASSIGNMENT         ; SLD_ATTRIBUTE_MEM_MODE=OFF                                                           ; --            ; --                             ; auto_signaltap_0 ;
; SLD_NODE_PARAMETER_ASSIGNMENT         ; SLD_STATE_FLOW_USE_GENERATED=0                                                       ; --            ; --                             ; auto_signaltap_0 ;
; SLD_NODE_PARAMETER_ASSIGNMENT         ; SLD_STATE_BITS=11                                                                    ; --            ; --                             ; auto_signaltap_0 ;
; SLD_NODE_PARAMETER_ASSIGNMENT         ; SLD_BUFFER_FULL_STOP=1                                                               ; --            ; --                             ; auto_signaltap_0 ;
; SLD_NODE_PARAMETER_ASSIGNMENT         ; SLD_CURRENT_RESOURCE_WIDTH=1                                                         ; --            ; --                             ; auto_signaltap_0 ;
; SLD_NODE_PARAMETER_ASSIGNMENT         ; SLD_INCREMENTAL_ROUTING=1                                                            ; --            ; --                             ; auto_signaltap_0 ;
; SLD_NODE_PARAMETER_ASSIGNMENT         ; SLD_TRIGGER_LEVEL=1                                                                  ; --            ; --                             ; auto_signaltap_0 ;
; SLD_NODE_PARAMETER_ASSIGNMENT         ; SLD_SAMPLE_DEPTH=128                                                                 ; --            ; --                             ; auto_signaltap_0 ;
; SLD_NODE_PARAMETER_ASSIGNMENT         ; SLD_TRIGGER_IN_ENABLED=0                                                             ; --            ; --                             ; auto_signaltap_0 ;
; SLD_NODE_PARAMETER_ASSIGNMENT         ; SLD_TRIGGER_PIPELINE=0                                                               ; --            ; --                             ; auto_signaltap_0 ;
; SLD_NODE_PARAMETER_ASSIGNMENT         ; SLD_RAM_PIPELINE=0                                                                   ; --            ; --                             ; auto_signaltap_0 ;
; SLD_NODE_PARAMETER_ASSIGNMENT         ; SLD_COUNTER_PIPELINE=0                                                               ; --            ; --                             ; auto_signaltap_0 ;
; SLD_NODE_PARAMETER_ASSIGNMENT         ; SLD_TRIGGER_LEVEL_PIPELINE=1                                                         ; --            ; --                             ; auto_signaltap_0 ;
; SLD_NODE_PARAMETER_ASSIGNMENT         ; SLD_INVERSION_MASK=000000000000000000000                                             ; --            ; --                             ; auto_signaltap_0 ;
; SLD_NODE_PARAMETER_ASSIGNMENT         ; SLD_INVERSION_MASK_LENGTH=21                                                         ; --            ; --                             ; auto_signaltap_0 ;
; SLD_NODE_PARAMETER_ASSIGNMENT         ; SLD_ENABLE_ADVANCED_TRIGGER=1                                                        ; --            ; --                             ; auto_signaltap_0 ;
; SLD_NODE_PARAMETER_ASSIGNMENT         ; SLD_DATA_BITS=6                                                                      ; --            ; --                             ; auto_signaltap_0 ;
; SLD_NODE_PARAMETER_ASSIGNMENT         ; SLD_TRIGGER_BITS=6                                                                   ; --            ; --                             ; auto_signaltap_0 ;
; SLD_NODE_PARAMETER_ASSIGNMENT         ; SLD_STORAGE_QUALIFIER_BITS=6                                                         ; --            ; --                             ; auto_signaltap_0 ;
; SLD_NODE_PARAMETER_ASSIGNMENT         ; SLD_ADVANCED_TRIGGER_ENTITY=sld_reserved_DE10_Standard_GHRD_auto_signaltap_0_1_d993, ; --            ; --                             ; auto_signaltap_0 ;
; SOPCINFO_FILE                         ; soc_system/synthesis/../../soc_system.sopcinfo                                       ; --            ; --                             ; --               ;
; SPD_FILE                              ; PLL.spd                                                                              ; --            ; --                             ; --               ;
; SPD_FILE                              ; SSP_UART_PLL.spd                                                                     ; --            ; --                             ; --               ;
; SPD_FILE                              ; SPI_PLL.spd                                                                          ; --            ; --                             ; --               ;
; SYNTHESIS_ONLY_QIP                    ; On                                                                                   ; --            ; --                             ; --               ;
; SYNTHESIS_ONLY_QIP                    ; On                                                                                   ; --            ; --                             ; --               ;
; SYNTHESIS_ONLY_QIP                    ; On                                                                                   ; --            ; --                             ; --               ;
; SYNTHESIS_ONLY_QIP                    ; On                                                                                   ; --            ; --                             ; --               ;
; USE_DLL_FREQUENCY_FOR_DQS_DELAY_CHAIN ; On                                                                                   ; Off           ; --                             ; --               ;
; USE_SIGNALTAP_FILE                    ; I2C.stp                                                                              ; --            ; --                             ; --               ;
+---------------------------------------+--------------------------------------------------------------------------------------+---------------+--------------------------------+------------------+


+--------------------------------------------------------------------------------------------------------------------------+
; Flow Elapsed Time                                                                                                        ;
+----------------------+--------------+-------------------------+---------------------+------------------------------------+
; Module Name          ; Elapsed Time ; Average Processors Used ; Peak Virtual Memory ; Total CPU Time (on all processors) ;
+----------------------+--------------+-------------------------+---------------------+------------------------------------+
; Analysis & Synthesis ; 00:01:56     ; 1.6                     ; 5374 MB             ; 00:01:44                           ;
; Fitter               ; 00:06:21     ; 1.3                     ; 7534 MB             ; 00:05:20                           ;
; Assembler            ; 00:00:22     ; 1.0                     ; 4984 MB             ; 00:00:07                           ;
; Timing Analyzer      ; 00:01:29     ; 1.7                     ; 5842 MB             ; 00:01:01                           ;
; Total                ; 00:10:08     ; --                      ; --                  ; 00:08:12                           ;
+----------------------+--------------+-------------------------+---------------------+------------------------------------+


+------------------------------------------------------------------------------------+
; Flow OS Summary                                                                    ;
+----------------------+------------------+------------+------------+----------------+
; Module Name          ; Machine Hostname ; OS Name    ; OS Version ; Processor type ;
+----------------------+------------------+------------+------------+----------------+
; Analysis & Synthesis ; LAPTOP-ATC9AE61  ; Windows 10 ; 10.0       ; x86_64         ;
; Fitter               ; LAPTOP-ATC9AE61  ; Windows 10 ; 10.0       ; x86_64         ;
; Assembler            ; LAPTOP-ATC9AE61  ; Windows 10 ; 10.0       ; x86_64         ;
; Timing Analyzer      ; LAPTOP-ATC9AE61  ; Windows 10 ; 10.0       ; x86_64         ;
+----------------------+------------------+------------+------------+----------------+


------------
; Flow Log ;
------------
quartus_map --read_settings_files=on --write_settings_files=off DE10_Standard_GHRD -c DE10_Standard_GHRD
quartus_fit --read_settings_files=off --write_settings_files=off DE10_Standard_GHRD -c DE10_Standard_GHRD
quartus_asm --read_settings_files=off --write_settings_files=off DE10_Standard_GHRD -c DE10_Standard_GHRD
quartus_sta DE10_Standard_GHRD -c DE10_Standard_GHRD



